
> dev
> vite --host 127.0.0.1 --port 5174


  VITE v6.4.1  ready in 84 ms

  ➜  Local:   http://127.0.0.1:5174/
12:00:13 AM [vite] (client) page reload src/modules/analytics.js
12:00:44 AM [vite] (client) page reload src/main.js
12:01:06 AM [vite] (client) page reload src/main.js
12:09:20 AM [vite] (client) page reload src/config/env.js
12:09:44 AM [vite] vite.config.js changed, restarting server...
12:09:44 AM [vite] server restarted.
12:10:14 AM [vite] .env changed, restarting server...
12:10:14 AM [vite] server restarted.
12:21:27 AM [vite] (client) page reload src/modules/apiClient.js
12:21:57 AM [vite] (client) page reload src/main.js
12:22:29 AM [vite] (client) hmr update /src/styles.css
12:32:50 AM [vite] (client) page reload src/modules/analytics.js
12:46:11 AM [vite] (client) page reload src/modules/analytics.js
1:06:39 AM [vite] (client) page reload src/modules/analytics.js
1:07:14 AM [vite] (client) page reload src/modules/analyticsExtras.js
1:28:14 AM [vite] (client) page reload index.html
1:28:51 AM [vite] (client) page reload src/config/env.js
1:29:23 AM [vite] .env changed, restarting server...
1:29:23 AM [vite] server restarted.
1:39:32 AM [vite] (client) page reload index.html
1:41:57 AM [vite] .env changed, restarting server...
1:41:57 AM [vite] server restarted.
2:29:04 AM [vite] (client) page reload index.html
2:34:27 AM [vite] (client) page reload index.html
2:40:37 AM [vite] (client) page reload index.html
3:16:29 AM [vite] (client) page reload index.html
3:30:54 AM [vite] (client) page reload index.html
